Traceback (most recent call last):
  File "/opt/anaconda3/lib/python3.7/site-packages/jupyter_cache/executors/utils.py", line 56, in single_nb_execution
    record_timing=False,
  File "/opt/anaconda3/lib/python3.7/site-packages/nbclient/client.py", line 1082, in execute
    return NotebookClient(nb=nb, resources=resources, km=km, **kwargs).execute()
  File "/opt/anaconda3/lib/python3.7/site-packages/nbclient/util.py", line 74, in wrapped
    return just_run(coro(*args, **kwargs))
  File "/opt/anaconda3/lib/python3.7/site-packages/nbclient/util.py", line 53, in just_run
    return loop.run_until_complete(coro)
  File "/opt/anaconda3/lib/python3.7/asyncio/base_events.py", line 583, in run_until_complete
    return future.result()
  File "/opt/anaconda3/lib/python3.7/site-packages/nbclient/client.py", line 536, in async_execute
    cell, index, execution_count=self.code_cells_executed + 1
  File "/opt/anaconda3/lib/python3.7/site-packages/nbclient/client.py", line 827, in async_execute_cell
    self._check_raise_for_error(cell, exec_reply)
  File "/opt/anaconda3/lib/python3.7/site-packages/nbclient/client.py", line 735, in _check_raise_for_error
    raise CellExecutionError.from_cell_and_msg(cell, exec_reply['content'])
nbclient.exceptions.CellExecutionError: An error occurred while executing the following cell:
------------------
# We'll linearly sweep through the laser's frequency from -125 kHz to +125 kHz (detuned from the carrier transition)
# in a time Tp

Tp = 250 # the length of time of the frequency chirp in μs
Δϕ = Tp * 1e-3  # this is equal to half the detuning range we will chirp the laser over multiplied by the timescale (1e-6)
L.ϕ = t -> 2π * (-Δϕ/2 + (Δϕ / Tp) * t) * t

# tr = 33
# function Ω(t)
#     if t < tr
#         return E * sin(2π * t / 4tr)^2
#     elseif tr <= t <= 150 - tr
#         return E
#     elseif 150 - tr < t < 150
#         return E * sin(2π * (t - 150) / 4tr)^2
#     else
#         return 0
#     end
# end

# function Ω2(t)
#     T = Tp
#     σ = T / (2*√2)
#     E * exp(-(t - T/2)^2 / 2σ^2) 
# end

function Ω3(t)
    T = Tp
    E * sin(π * t/Tp)^2
end

L.E = Ω3;
------------------

UndefVarError: L not defined

Stacktrace:
 [1] top-level scope at In[3]:6
UndefVarError: UndefVarError: L not defined

